<?xml version="1.0" encoding="UTF-8"?>
<testng-results ignored="0" total="1" passed="1" failed="0" skipped="0">
  <reporter-output>
  </reporter-output>
  <suite started-at="2024-06-17T07:57:01 MDT" name="Default suite" finished-at="2024-06-17T07:57:06 MDT" duration-ms="5247">
    <groups>
    </groups>
    <test started-at="2024-06-17T07:57:01 MDT" name="Default test" finished-at="2024-06-17T07:57:06 MDT" duration-ms="5247">
      <class name="com.testscenarios.FBLogin">
        <test-method is-config="true" signature="beforeClass()[pri:0, instance:com.testscenarios.FBLogin@115667d]" started-at="2024-06-17T07:57:01 MDT" name="beforeClass" finished-at="2024-06-17T07:57:03 MDT" duration-ms="2586" status="PASS">
          <reporter-output>
          </reporter-output>
        </test-method> <!-- beforeClass -->
        <test-method signature="f()[pri:0, instance:com.testscenarios.FBLogin@115667d]" started-at="2024-06-17T07:57:03 MDT" name="f" finished-at="2024-06-17T07:57:05 MDT" duration-ms="1788" status="PASS">
          <reporter-output>
          </reporter-output>
        </test-method> <!-- f -->
        <test-method is-config="true" signature="afterClass()[pri:0, instance:com.testscenarios.FBLogin@115667d]" started-at="2024-06-17T07:57:05 MDT" name="afterClass" finished-at="2024-06-17T07:57:06 MDT" duration-ms="808" status="PASS">
          <reporter-output>
          </reporter-output>
        </test-method> <!-- afterClass -->
      </class> <!-- com.testscenarios.FBLogin -->
    </test> <!-- Default test -->
  </suite> <!-- Default suite -->
</testng-results>
