<?xml version="1.0" encoding="UTF-8"?>
<testng-results ignored="0" total="1" passed="1" failed="0" skipped="0">
  <reporter-output>
  </reporter-output>
  <suite started-at="2024-07-01T08:22:05 MDT" name="Default suite" finished-at="2024-07-01T08:22:27 MDT" duration-ms="22798">
    <groups>
    </groups>
    <test started-at="2024-07-01T08:22:05 MDT" name="Default test" finished-at="2024-07-01T08:22:27 MDT" duration-ms="22798">
      <class name="com.testscenarios.DBConnection_fb">
        <test-method is-config="true" signature="beforeClass()[pri:0, instance:com.testscenarios.DBConnection_fb@66565121]" started-at="2024-07-01T08:22:05 MDT" name="beforeClass" finished-at="2024-07-01T08:22:07 MDT" duration-ms="2788" status="PASS">
          <reporter-output>
          </reporter-output>
        </test-method> <!-- beforeClass -->
        <test-method signature="tc_01_dbconnection()[pri:0, instance:com.testscenarios.DBConnection_fb@66565121]" started-at="2024-07-01T08:22:07 MDT" name="tc_01_dbconnection" finished-at="2024-07-01T08:22:24 MDT" duration-ms="16256" status="PASS">
          <reporter-output>
          </reporter-output>
        </test-method> <!-- tc_01_dbconnection -->
        <test-method is-config="true" signature="afterClass()[pri:0, instance:com.testscenarios.DBConnection_fb@66565121]" started-at="2024-07-01T08:22:24 MDT" name="afterClass" finished-at="2024-07-01T08:22:27 MDT" duration-ms="3690" status="PASS">
          <reporter-output>
          </reporter-output>
        </test-method> <!-- afterClass -->
      </class> <!-- com.testscenarios.DBConnection_fb -->
    </test> <!-- Default test -->
  </suite> <!-- Default suite -->
</testng-results>
